2025/04/09 17:19:10 - Hop - Projects enabled
2025/04/09 17:20:46 - Hop - ERROR: Error refresh folder 'C:\Users\Vinicius'
2025/04/09 17:20:46 - Hop - ERROR: java.lang.NullPointerException: Cannot invoke "java.lang.CharSequence.toString()" because "s" is null
2025/04/09 17:20:46 - Hop - 	at java.base/java.lang.String.contains(String.java:2981)
2025/04/09 17:20:46 - Hop - 	at org.apache.hop.ui.hopgui.perspective.explorer.ExplorerPerspective.refreshFolder(ExplorerPerspective.java:1383)
2025/04/09 17:20:46 - Hop - 	at org.apache.hop.ui.hopgui.perspective.explorer.ExplorerPerspective.refresh(ExplorerPerspective.java:1286)
2025/04/09 17:20:46 - Hop - 	at org.apache.hop.ui.hopgui.perspective.explorer.ExplorerPerspective.perspectiveActivated(ExplorerPerspective.java:248)
2025/04/09 17:20:46 - Hop - 	at org.apache.hop.ui.hopgui.HopGui.setActivePerspective(HopGui.java:1612)
2025/04/09 17:20:46 - Hop - 	at org.apache.hop.ui.hopgui.perspective.explorer.ExplorerPerspective.activate(ExplorerPerspective.java:243)
2025/04/09 17:20:46 - Hop - 	at org.apache.hop.ui.hopgui.perspective.explorer.ExplorerPerspective.addFile(ExplorerPerspective.java:1006)
2025/04/09 17:20:46 - Hop - 	at org.apache.hop.ui.hopgui.perspective.explorer.file.types.base.BaseExplorerFileType.openFile(BaseExplorerFileType.java:219)
2025/04/09 17:20:46 - Hop - 	at org.apache.hop.ui.hopgui.perspective.explorer.file.types.base.BaseExplorerFileType.openFile(BaseExplorerFileType.java:41)
2025/04/09 17:20:46 - Hop - 	at org.apache.hop.ui.hopgui.delegates.HopGuiFileDelegate.fileOpen(HopGuiFileDelegate.java:107)
2025/04/09 17:20:46 - Hop - 	at org.apache.hop.ui.hopgui.delegates.HopGuiFileDelegate.fileOpen(HopGuiFileDelegate.java:88)
2025/04/09 17:20:46 - Hop - 	at org.apache.hop.ui.hopgui.HopGui.menuFileOpen(HopGui.java:711)
2025/04/09 17:20:46 - Hop - 	at java.base/jdk.internal.reflect.DirectMethodHandleAccessor.invoke(DirectMethodHandleAccessor.java:103)
2025/04/09 17:20:46 - Hop - 	at java.base/java.lang.reflect.Method.invoke(Method.java:580)
2025/04/09 17:20:46 - Hop - 	at org.apache.hop.ui.core.gui.BaseGuiWidgets.lambda$getListener$1(BaseGuiWidgets.java:213)
2025/04/09 17:20:46 - Hop - 	at org.eclipse.swt.widgets.EventTable.sendEvent(EventTable.java:91)
2025/04/09 17:20:46 - Hop - 	at org.eclipse.swt.widgets.Display.sendEvent(Display.java:4404)
2025/04/09 17:20:46 - Hop - 	at org.eclipse.swt.widgets.Widget.sendEvent(Widget.java:1173)
2025/04/09 17:20:46 - Hop - 	at org.eclipse.swt.widgets.Display.runDeferredEvents(Display.java:4202)
2025/04/09 17:20:46 - Hop - 	at org.eclipse.swt.widgets.Display.readAndDispatch(Display.java:3790)
2025/04/09 17:20:46 - Hop - 	at org.apache.hop.ui.hopgui.HopGui.open(HopGui.java:478)
2025/04/09 17:20:46 - Hop - 	at org.apache.hop.ui.hopgui.HopGui.main(HopGui.java:356)
2025/04/09 17:20:48 - Hop - ERROR: Error refresh folder 'C:\Users\Vinicius'
2025/04/09 17:20:48 - Hop - ERROR: java.lang.NullPointerException: Cannot invoke "java.lang.CharSequence.toString()" because "s" is null
2025/04/09 17:20:48 - Hop - 	at java.base/java.lang.String.contains(String.java:2981)
2025/04/09 17:20:48 - Hop - 	at org.apache.hop.ui.hopgui.perspective.explorer.ExplorerPerspective.refreshFolder(ExplorerPerspective.java:1383)
2025/04/09 17:20:48 - Hop - 	at org.apache.hop.ui.hopgui.perspective.explorer.ExplorerPerspective.refresh(ExplorerPerspective.java:1286)
2025/04/09 17:20:48 - Hop - 	at org.apache.hop.ui.hopgui.perspective.explorer.ExplorerPerspective.closeTab(ExplorerPerspective.java:893)
2025/04/09 17:20:48 - Hop - 	at org.apache.hop.ui.hopgui.perspective.explorer.ExplorerPerspective.onTabClose(ExplorerPerspective.java:1105)
2025/04/09 17:20:48 - Hop - 	at org.apache.hop.ui.hopgui.perspective.explorer.ExplorerPerspective$3.close(ExplorerPerspective.java:843)
2025/04/09 17:20:48 - Hop - 	at org.eclipse.swt.custom.CTabFolder.onMouse(CTabFolder.java:1975)
2025/04/09 17:20:48 - Hop - 	at org.eclipse.swt.custom.CTabFolder.lambda$0(CTabFolder.java:336)
2025/04/09 17:20:48 - Hop - 	at org.eclipse.swt.widgets.EventTable.sendEvent(EventTable.java:91)
2025/04/09 17:20:48 - Hop - 	at org.eclipse.swt.widgets.Display.sendEvent(Display.java:4404)
2025/04/09 17:20:48 - Hop - 	at org.eclipse.swt.widgets.Widget.sendEvent(Widget.java:1173)
2025/04/09 17:20:48 - Hop - 	at org.eclipse.swt.widgets.Display.runDeferredEvents(Display.java:4202)
2025/04/09 17:20:48 - Hop - 	at org.eclipse.swt.widgets.Display.readAndDispatch(Display.java:3790)
2025/04/09 17:20:48 - Hop - 	at org.apache.hop.ui.hopgui.HopGui.open(HopGui.java:478)
2025/04/09 17:20:48 - Hop - 	at org.apache.hop.ui.hopgui.HopGui.main(HopGui.java:356)
2025/04/09 17:22:41 - Hop - Starting workflow
2025/04/09 17:22:42 - lattes - Start of workflow execution
2025/04/09 17:22:42 - lattes - Starting action [ Dados_Pesquisadores_Varios.hpl]
2025/04/09 17:22:42 -  Dados_Pesquisadores_Varios.hpl - ERROR: Unable to run workflow lattes. The  Dados_Pesquisadores_Varios.hpl has an error. The pipeline path C:\Users\Vinicius\Downloads\hop\config\projects\lattes/metadata/Pipeline/ Dados_Pesquisadores_Varios.hpl is invalid, and will not run successfully.
2025/04/09 17:22:42 -  Dados_Pesquisadores_Varios.hpl - ERROR: org.apache.hop.core.exception.HopXmlException: 
2025/04/09 17:22:42 -  Dados_Pesquisadores_Varios.hpl - The pipeline path C:\Users\Vinicius\Downloads\hop\config\projects\lattes/metadata/Pipeline/ Dados_Pesquisadores_Varios.hpl is invalid, and will not run successfully.
2025/04/09 17:22:42 -  Dados_Pesquisadores_Varios.hpl - 
2025/04/09 17:22:42 -  Dados_Pesquisadores_Varios.hpl - 	at org.apache.hop.pipeline.PipelineMeta.loadXml(PipelineMeta.java:1675)
2025/04/09 17:22:42 -  Dados_Pesquisadores_Varios.hpl - 	at org.apache.hop.pipeline.PipelineMeta.<init>(PipelineMeta.java:1663)
2025/04/09 17:22:42 -  Dados_Pesquisadores_Varios.hpl - 	at org.apache.hop.workflow.actions.pipeline.ActionPipeline.getPipelineMeta(ActionPipeline.java:633)
2025/04/09 17:22:42 -  Dados_Pesquisadores_Varios.hpl - 	at org.apache.hop.workflow.actions.pipeline.ActionPipeline.execute(ActionPipeline.java:342)
2025/04/09 17:22:42 -  Dados_Pesquisadores_Varios.hpl - 	at org.apache.hop.workflow.Workflow.executeFromStart(Workflow.java:751)
2025/04/09 17:22:42 -  Dados_Pesquisadores_Varios.hpl - 	at org.apache.hop.workflow.Workflow.executeFromStart(Workflow.java:894)
2025/04/09 17:22:42 -  Dados_Pesquisadores_Varios.hpl - 	at org.apache.hop.workflow.Workflow.executeFromStart(Workflow.java:453)
2025/04/09 17:22:42 -  Dados_Pesquisadores_Varios.hpl - 	at org.apache.hop.workflow.Workflow.startExecution(Workflow.java:313)
2025/04/09 17:22:42 -  Dados_Pesquisadores_Varios.hpl - 	at org.apache.hop.workflow.engines.local.LocalWorkflowEngine.startExecution(LocalWorkflowEngine.java:248)
2025/04/09 17:22:42 -  Dados_Pesquisadores_Varios.hpl - 	at org.apache.hop.ui.hopgui.file.workflow.HopGuiWorkflowGraph.lambda$start$10(HopGuiWorkflowGraph.java:3723)
2025/04/09 17:22:42 -  Dados_Pesquisadores_Varios.hpl - 	at java.base/java.lang.Thread.run(Thread.java:1583)
2025/04/09 17:22:42 - lattes - Finished action [ Dados_Pesquisadores_Varios.hpl] (result=[false])
2025/04/09 17:22:42 - lattes - Workflow execution finished
2025/04/09 17:22:42 - Hop - Workflow execution has ended
2025/04/09 17:22:42 - lattes - Workflow duration : 0.144 seconds [  0.144" ]
2025/04/09 17:23:46 - Hop - Pipeline opened.
2025/04/09 17:23:46 - Hop - Launching pipeline [Dados_Pesquisador]...
2025/04/09 17:23:46 - Hop - Started the pipeline execution.
2025/04/09 17:23:46 - Dados_Pesquisador - Executing this pipeline using the Local Pipeline Engine with run configuration 'local'
2025/04/09 17:23:46 - Dados_Pesquisador - Execution started for pipeline [Dados_Pesquisador]
2025/04/09 17:23:46 - Get data from XML.0 - Finished processing (I=1, O=0, R=0, W=1, U=0, E=0)
2025/04/09 17:23:46 - Select values.0 - Finished processing (I=0, O=0, R=1, W=1, U=0, E=0)
2025/04/09 17:23:47 - Insert / update.0 - Finished processing (I=1, O=1, R=1, W=1, U=0, E=0)
2025/04/09 17:23:47 - Dados_Pesquisador - Pipeline duration : 0.196 seconds [  0.196" ]
2025/04/09 17:23:47 - Dados_Pesquisador - Execution finished on a local pipeline engine with run configuration 'local'
2025/04/09 17:24:07 - Hop - Pipeline opened.
2025/04/09 17:24:07 - Hop - Launching pipeline [Dados_Pesquisadores_Varios]...
2025/04/09 17:24:07 - Hop - Started the pipeline execution.
2025/04/09 17:24:07 - Dados_Pesquisadores_Varios - Executing this pipeline using the Local Pipeline Engine with run configuration 'local'
2025/04/09 17:24:07 - Dados_Pesquisadores_Varios - Execution started for pipeline [Dados_Pesquisadores_Varios]
2025/04/09 17:24:07 - Get file names.0 - Finished processing (I=0, O=0, R=0, W=2, U=0, E=0)
2025/04/09 17:24:07 - Get data from XML.0 - Finished processing (I=2, O=0, R=2, W=2, U=0, E=0)
2025/04/09 17:24:07 - Select values.0 - Finished processing (I=0, O=0, R=2, W=2, U=0, E=0)
2025/04/09 17:24:07 - Insert / update.0 - Finished processing (I=2, O=1, R=2, W=2, U=0, E=0)
2025/04/09 17:24:07 - Dados_Pesquisadores_Varios - Pipeline duration : 0.211 seconds [  0.211" ]
2025/04/09 17:24:07 - Dados_Pesquisadores_Varios - Execution finished on a local pipeline engine with run configuration 'local'
2025/04/09 17:24:27 - Hop - Pipeline opened.
2025/04/09 17:24:27 - Hop - Launching pipeline [Dados_Producoes_Pesquisadores_Varios]...
2025/04/09 17:24:27 - Hop - Started the pipeline execution.
2025/04/09 17:24:27 - Dados_Producoes_Pesquisadores_Varios - Executing this pipeline using the Local Pipeline Engine with run configuration 'local'
2025/04/09 17:24:27 - Dados_Producoes_Pesquisadores_Varios - Execution started for pipeline [Dados_Producoes_Pesquisadores_Varios]
2025/04/09 17:24:28 - Get file names.0 - Finished processing (I=0, O=0, R=0, W=2, U=0, E=0)
2025/04/09 17:24:28 - Table input Pesquisadores.0 - Finished reading query, closing connection.
2025/04/09 17:24:28 - Table input Pesquisadores.0 - Finished processing (I=2, O=0, R=0, W=2, U=0, E=0)
2025/04/09 17:24:28 - Sort rows Pesquisadores.0 - Finished processing (I=0, O=0, R=2, W=2, U=0, E=0)
2025/04/09 17:24:28 - Get data from XML.0 - Finished processing (I=118, O=0, R=2, W=118, U=0, E=0)
2025/04/09 17:24:28 - Select Produções.0 - Finished processing (I=0, O=0, R=118, W=118, U=0, E=0)
2025/04/09 17:24:28 - Sort rows Produções.0 - Finished processing (I=0, O=0, R=118, W=118, U=0, E=0)
2025/04/09 17:24:28 - Merge join.0 - Finished processing (I=0, O=0, R=120, W=118, U=0, E=0)
2025/04/09 17:24:28 - Insert / update.0 - Finished processing (I=118, O=50, R=118, W=118, U=68, E=0)
2025/04/09 17:24:28 - Dados_Producoes_Pesquisadores_Varios - Pipeline duration : 0.704 seconds [  0.704" ]
2025/04/09 17:24:28 - Dados_Producoes_Pesquisadores_Varios - Execution finished on a local pipeline engine with run configuration 'local'
2025/04/09 17:24:56 - Hop - Starting workflow
2025/04/09 17:24:56 - lattes - Start of workflow execution
2025/04/09 17:24:56 - lattes - Starting action [ Dados_Pesquisadores_Varios.hpl]
2025/04/09 17:24:56 -  Dados_Pesquisadores_Varios.hpl - ERROR: Unable to run workflow lattes. The  Dados_Pesquisadores_Varios.hpl has an error. The pipeline path C:\Users\Vinicius\Downloads\hop\config\projects\lattes/metadata/Pipeline/ Dados_Pesquisadores_Varios.hpl is invalid, and will not run successfully.
2025/04/09 17:24:56 -  Dados_Pesquisadores_Varios.hpl - ERROR: org.apache.hop.core.exception.HopXmlException: 
2025/04/09 17:24:56 -  Dados_Pesquisadores_Varios.hpl - The pipeline path C:\Users\Vinicius\Downloads\hop\config\projects\lattes/metadata/Pipeline/ Dados_Pesquisadores_Varios.hpl is invalid, and will not run successfully.
2025/04/09 17:24:56 -  Dados_Pesquisadores_Varios.hpl - 
2025/04/09 17:24:56 -  Dados_Pesquisadores_Varios.hpl - 	at org.apache.hop.pipeline.PipelineMeta.loadXml(PipelineMeta.java:1675)
2025/04/09 17:24:56 -  Dados_Pesquisadores_Varios.hpl - 	at org.apache.hop.pipeline.PipelineMeta.<init>(PipelineMeta.java:1663)
2025/04/09 17:24:56 -  Dados_Pesquisadores_Varios.hpl - 	at org.apache.hop.workflow.actions.pipeline.ActionPipeline.getPipelineMeta(ActionPipeline.java:633)
2025/04/09 17:24:56 -  Dados_Pesquisadores_Varios.hpl - 	at org.apache.hop.workflow.actions.pipeline.ActionPipeline.execute(ActionPipeline.java:342)
2025/04/09 17:24:56 -  Dados_Pesquisadores_Varios.hpl - 	at org.apache.hop.workflow.Workflow.executeFromStart(Workflow.java:751)
2025/04/09 17:24:56 -  Dados_Pesquisadores_Varios.hpl - 	at org.apache.hop.workflow.Workflow.executeFromStart(Workflow.java:894)
2025/04/09 17:24:56 -  Dados_Pesquisadores_Varios.hpl - 	at org.apache.hop.workflow.Workflow.executeFromStart(Workflow.java:453)
2025/04/09 17:24:56 -  Dados_Pesquisadores_Varios.hpl - 	at org.apache.hop.workflow.Workflow.startExecution(Workflow.java:313)
2025/04/09 17:24:56 -  Dados_Pesquisadores_Varios.hpl - 	at org.apache.hop.workflow.engines.local.LocalWorkflowEngine.startExecution(LocalWorkflowEngine.java:248)
2025/04/09 17:24:56 -  Dados_Pesquisadores_Varios.hpl - 	at org.apache.hop.ui.hopgui.file.workflow.HopGuiWorkflowGraph.lambda$start$10(HopGuiWorkflowGraph.java:3723)
2025/04/09 17:24:56 -  Dados_Pesquisadores_Varios.hpl - 	at java.base/java.lang.Thread.run(Thread.java:1583)
2025/04/09 17:24:56 - lattes - Finished action [ Dados_Pesquisadores_Varios.hpl] (result=[false])
2025/04/09 17:24:56 - lattes - Workflow execution finished
2025/04/09 17:24:56 - Hop - Workflow execution has ended
2025/04/09 17:24:56 - lattes - Workflow duration : 0.039 seconds [  0.039" ]
2025/04/09 17:26:08 - Hop - Starting workflow
2025/04/09 17:26:08 - lattes - Start of workflow execution
2025/04/09 17:26:08 - lattes - Starting action [ Dados_Pesquisadores_Varios.hpl]
2025/04/09 17:26:08 -  Dados_Pesquisadores_Varios.hpl - ERROR: Unable to run workflow lattes. The  Dados_Pesquisadores_Varios.hpl has an error. The pipeline path C:\Users\Vinicius\Downloads\hop\config\projects\lattes/metadata/Pipeline/ Dados_Pesquisadores_Varios.hpl is invalid, and will not run successfully.
2025/04/09 17:26:08 -  Dados_Pesquisadores_Varios.hpl - ERROR: org.apache.hop.core.exception.HopXmlException: 
2025/04/09 17:26:08 -  Dados_Pesquisadores_Varios.hpl - The pipeline path C:\Users\Vinicius\Downloads\hop\config\projects\lattes/metadata/Pipeline/ Dados_Pesquisadores_Varios.hpl is invalid, and will not run successfully.
2025/04/09 17:26:08 -  Dados_Pesquisadores_Varios.hpl - 
2025/04/09 17:26:08 -  Dados_Pesquisadores_Varios.hpl - 	at org.apache.hop.pipeline.PipelineMeta.loadXml(PipelineMeta.java:1675)
2025/04/09 17:26:08 -  Dados_Pesquisadores_Varios.hpl - 	at org.apache.hop.pipeline.PipelineMeta.<init>(PipelineMeta.java:1663)
2025/04/09 17:26:08 -  Dados_Pesquisadores_Varios.hpl - 	at org.apache.hop.workflow.actions.pipeline.ActionPipeline.getPipelineMeta(ActionPipeline.java:633)
2025/04/09 17:26:08 -  Dados_Pesquisadores_Varios.hpl - 	at org.apache.hop.workflow.actions.pipeline.ActionPipeline.execute(ActionPipeline.java:342)
2025/04/09 17:26:08 -  Dados_Pesquisadores_Varios.hpl - 	at org.apache.hop.workflow.Workflow.executeFromStart(Workflow.java:751)
2025/04/09 17:26:08 -  Dados_Pesquisadores_Varios.hpl - 	at org.apache.hop.workflow.Workflow.executeFromStart(Workflow.java:894)
2025/04/09 17:26:08 -  Dados_Pesquisadores_Varios.hpl - 	at org.apache.hop.workflow.Workflow.executeFromStart(Workflow.java:453)
2025/04/09 17:26:08 -  Dados_Pesquisadores_Varios.hpl - 	at org.apache.hop.workflow.Workflow.startExecution(Workflow.java:313)
2025/04/09 17:26:08 -  Dados_Pesquisadores_Varios.hpl - 	at org.apache.hop.workflow.engines.local.LocalWorkflowEngine.startExecution(LocalWorkflowEngine.java:248)
2025/04/09 17:26:08 -  Dados_Pesquisadores_Varios.hpl - 	at org.apache.hop.ui.hopgui.file.workflow.HopGuiWorkflowGraph.lambda$start$10(HopGuiWorkflowGraph.java:3723)
2025/04/09 17:26:08 -  Dados_Pesquisadores_Varios.hpl - 	at java.base/java.lang.Thread.run(Thread.java:1583)
2025/04/09 17:26:08 - lattes - Finished action [ Dados_Pesquisadores_Varios.hpl] (result=[false])
2025/04/09 17:26:08 - lattes - Workflow execution finished
2025/04/09 17:26:08 - Hop - Workflow execution has ended
2025/04/09 17:26:08 - lattes - Workflow duration : 0.026 seconds [  0.026" ]
2025/04/09 17:27:30 - Hop - Starting workflow
2025/04/09 17:27:30 - lattes - Start of workflow execution
2025/04/09 17:27:30 - lattes - Starting action [Dados_Pesquisadores_Varios.hpl]
2025/04/09 17:27:30 - Dados_Pesquisadores_Varios.hpl - Using run configuration [local]
2025/04/09 17:27:30 - Dados_Pesquisadores_Varios - Executing this pipeline using the Local Pipeline Engine with run configuration 'local'
2025/04/09 17:27:30 - Dados_Pesquisadores_Varios - Execution started for pipeline [Dados_Pesquisadores_Varios]
2025/04/09 17:27:30 - Get file names.0 - Finished processing (I=0, O=0, R=0, W=2, U=0, E=0)
2025/04/09 17:27:30 - Get data from XML.0 - Finished processing (I=2, O=0, R=2, W=2, U=0, E=0)
2025/04/09 17:27:30 - Select values.0 - Finished processing (I=0, O=0, R=2, W=2, U=0, E=0)
2025/04/09 17:27:30 - Insert / update.0 - Finished processing (I=2, O=2, R=2, W=2, U=0, E=0)
2025/04/09 17:27:30 - Dados_Pesquisadores_Varios - Pipeline duration : 0.12 seconds [  0.120" ]
2025/04/09 17:27:30 - Dados_Pesquisadores_Varios - Execution finished on a local pipeline engine with run configuration 'local'
2025/04/09 17:27:30 - lattes - Starting action [Dados_Producoes_Pesquisadores_Varios.hpl]
2025/04/09 17:27:30 - Dados_Producoes_Pesquisadores_Varios.hpl - Using run configuration [local]
2025/04/09 17:27:30 - Dados_Producoes_Pesquisadores_Varios - Executing this pipeline using the Local Pipeline Engine with run configuration 'local'
2025/04/09 17:27:30 - Dados_Producoes_Pesquisadores_Varios - Execution started for pipeline [Dados_Producoes_Pesquisadores_Varios]
2025/04/09 17:27:30 - Get file names.0 - Finished processing (I=0, O=0, R=0, W=2, U=0, E=0)
2025/04/09 17:27:30 - Table input Pesquisadores.0 - Finished reading query, closing connection.
2025/04/09 17:27:30 - Table input Pesquisadores.0 - Finished processing (I=2, O=0, R=0, W=2, U=0, E=0)
2025/04/09 17:27:30 - Get data from XML.0 - Finished processing (I=118, O=0, R=2, W=118, U=0, E=0)
2025/04/09 17:27:30 - Sort rows Pesquisadores.0 - Finished processing (I=0, O=0, R=2, W=2, U=0, E=0)
2025/04/09 17:27:30 - Select Produções.0 - Finished processing (I=0, O=0, R=118, W=118, U=0, E=0)
2025/04/09 17:27:30 - Sort rows Produções.0 - Finished processing (I=0, O=0, R=118, W=118, U=0, E=0)
2025/04/09 17:27:30 - Merge join.0 - Finished processing (I=0, O=0, R=120, W=118, U=0, E=0)
2025/04/09 17:27:30 - Insert / update.0 - Finished processing (I=118, O=50, R=118, W=118, U=68, E=0)
2025/04/09 17:27:30 - Dados_Producoes_Pesquisadores_Varios - Pipeline duration : 0.518 seconds [  0.518" ]
2025/04/09 17:27:30 - Dados_Producoes_Pesquisadores_Varios - Execution finished on a local pipeline engine with run configuration 'local'
2025/04/09 17:27:30 - lattes - Starting action [Success]
2025/04/09 17:27:30 - lattes - Finished action [Success] (result=[true])
2025/04/09 17:27:30 - lattes - Finished action [Dados_Producoes_Pesquisadores_Varios.hpl] (result=[true])
2025/04/09 17:27:30 - lattes - Finished action [Dados_Pesquisadores_Varios.hpl] (result=[true])
2025/04/09 17:27:30 - lattes - Workflow execution finished
2025/04/09 17:27:30 - Hop - Workflow execution has ended
2025/04/09 17:27:30 - lattes - Workflow duration : 0.743 seconds [  0.743" ]
